<?xml version="1.0" encoding="UTF-8"?>
<testng-results ignored="0" total="1" passed="1" failed="0" skipped="0">
  <reporter-output>
  </reporter-output>
  <suite started-at="2022-08-21T20:06:45 IST" name="Default suite" finished-at="2022-08-21T20:07:15 IST" duration-ms="30145">
    <groups>
    </groups>
    <test started-at="2022-08-21T20:06:45 IST" name="Default test" finished-at="2022-08-21T20:07:15 IST" duration-ms="30145">
      <class name="com.logesh.Appium.DragAndDropAction">
        <test-method is-config="true" signature="ConfigureAppium()[pri:0, instance:com.logesh.Appium.DragAndDropAction@298a5e20]" started-at="2022-08-21T20:06:45 IST" name="ConfigureAppium" finished-at="2022-08-21T20:07:05 IST" duration-ms="19823" status="PASS">
          <reporter-output>
          </reporter-output>
        </test-method> <!-- ConfigureAppium -->
        <test-method signature="dragAndDrop()[pri:0, instance:com.logesh.Appium.DragAndDropAction@298a5e20]" started-at="2022-08-21T20:07:05 IST" name="dragAndDrop" finished-at="2022-08-21T20:07:14 IST" duration-ms="9099" status="PASS">
          <reporter-output>
          </reporter-output>
        </test-method> <!-- dragAndDrop -->
        <test-method is-config="true" signature="tearDown()[pri:0, instance:com.logesh.Appium.DragAndDropAction@298a5e20]" started-at="2022-08-21T20:07:14 IST" name="tearDown" finished-at="2022-08-21T20:07:15 IST" duration-ms="1127" status="PASS">
          <reporter-output>
          </reporter-output>
        </test-method> <!-- tearDown -->
      </class> <!-- com.logesh.Appium.DragAndDropAction -->
    </test> <!-- Default test -->
  </suite> <!-- Default suite -->
</testng-results>
